<?xml version="1.0" encoding="UTF-8"?>
<!-- Generated by org.testng.reporters.JUnitXMLReporter -->
<testsuite ignored="0" hostname="DESKTOP-IENJ4VS" failures="0" tests="2" name="Default test" time="37.202" errors="0" timestamp="2026-06-05T10:38:59 GMT+02:00">
  <testcase classname="com.saucedemo.tests.LoginAndPurchaseTest" name="testSuccessfulPurchaseWorkflow" time="21.845"/>
  <testcase classname="com.saucedemo.tests.LoginAndPurchaseTest" name="testLockedOutUserWorkflow" time="3.227"/>
</testsuite> <!-- Default test -->
