<?xml version="1.0" encoding="UTF-8"?>
<!-- Generated by org.testng.reporters.JUnitXMLReporter -->
<testsuite ignored="0" hostname="DESKTOP-IENJ4VS" failures="0" tests="9" name="Default test" time="31.175" errors="0" timestamp="2026-06-06T22:01:14 GMT+02:00">
  <testcase classname="com.saucedemo.tests.LoginAndPurchaseTest" name="testSuccessfulPurchaseWorkflow" time="0.848"/>
  <testcase classname="com.saucedemo.tests.LoginAndPurchaseTest" name="testLockedOutUserWorkflow" time="0.233"/>
  <testcase classname="com.saucedemo.tests.LoginAndPurchaseTest" name="testAllProductsDynamicStructure" time="1.376"/>
  <testcase classname="com.saucedemo.tests.LoginAndPurchaseTest" name="testAllUserProfilesMatrix" time="0.262"/>
  <testcase classname="com.saucedemo.tests.LoginAndPurchaseTest" name="testAllUserProfilesMatrix" time="0.234"/>
  <testcase classname="com.saucedemo.tests.LoginAndPurchaseTest" name="testAllUserProfilesMatrix" time="0.25"/>
  <testcase classname="com.saucedemo.tests.LoginAndPurchaseTest" name="testAllUserProfilesMatrix" time="5.297"/>
  <testcase classname="com.saucedemo.tests.LoginAndPurchaseTest" name="testAllUserProfilesMatrix" time="0.247"/>
  <testcase classname="com.saucedemo.tests.LoginAndPurchaseTest" name="testAllUserProfilesMatrix" time="0.247"/>
</testsuite> <!-- Default test -->
