<?xml version="1.0" encoding="UTF-8"?>
<!-- Generated by org.testng.reporters.JUnitReportReporter -->
<testsuite hostname="DESKTOP-IENJ4VS" failures="0" tests="3" name="com.saucedemo.tests.LoginAndPurchaseTest" time="11.504" errors="0" timestamp="2026-06-06T21:54:27 GMT+02:00" skipped="0">
  <testcase classname="com.saucedemo.tests.LoginAndPurchaseTest" name="testSuccessfulPurchaseWorkflow" time="4.641"/>
  <testcase classname="com.saucedemo.tests.LoginAndPurchaseTest" name="testLockedOutUserWorkflow" time="3.083"/>
  <testcase classname="com.saucedemo.tests.LoginAndPurchaseTest" name="testAllProductsDynamicStructure" time="3.780"/>
</testsuite> <!-- com.saucedemo.tests.LoginAndPurchaseTest -->
